<?xml version="1.0" encoding="UTF-8"?>
<!-- Generated by org.testng.reporters.JUnitReportReporter -->
<testsuite hostname="Mirz_Jobz" failures="0" tests="2" name="tests.GmailTests" time="1.480" errors="0" timestamp="2024-10-03T22:06:53 IST" skipped="0">
  <testcase classname="tests.GmailTests" name="testLogin" time="1.223"/>
  <system-out/>
  <testcase classname="tests.GmailTests" name="testLogin" time="0.257"/>
  <system-out/>
</testsuite> <!-- tests.GmailTests -->
